<?xml version="1.0" encoding="UTF-8"?>
<testng-results skipped="0" failed="0" ignored="0" total="1" passed="1">
  <reporter-output>
  </reporter-output>
  <suite name="Default suite" duration-ms="5340" started-at="2018-09-08T11:40:34Z" finished-at="2018-09-08T11:40:39Z">
    <groups>
    </groups>
    <test name="Default test" duration-ms="5340" started-at="2018-09-08T11:40:34Z" finished-at="2018-09-08T11:40:39Z">
      <class name="prueba.test">
        <test-method status="PASS" signature="testMethod()[pri:0, instance:prueba.test@e25b2fe]" name="testMethod" duration-ms="5315" started-at="2018-09-08T11:40:34Z" finished-at="2018-09-08T11:40:39Z">
          <reporter-output>
          </reporter-output>
        </test-method> <!-- testMethod -->
      </class> <!-- prueba.test -->
    </test> <!-- Default test -->
  </suite> <!-- Default suite -->
</testng-results>
