<?xml version="1.0" encoding="UTF-8"?>
<testng-results skipped="0" failed="0" ignored="0" total="1" passed="1">
  <reporter-output>
  </reporter-output>
  <suite name="Suite" duration-ms="7317" started-at="2018-08-18T00:14:02Z" finished-at="2018-08-18T00:14:10Z">
    <groups>
    </groups>
    <test name="Test" duration-ms="7317" started-at="2018-08-18T00:14:02Z" finished-at="2018-08-18T00:14:10Z">
      <class name="prueba.test">
        <test-method status="PASS" signature="testMethod()[pri:0, instance:prueba.test@464bee09]" name="testMethod" duration-ms="7289" started-at="2018-08-18T00:14:02Z" finished-at="2018-08-18T00:14:10Z">
          <reporter-output>
          </reporter-output>
        </test-method> <!-- testMethod -->
      </class> <!-- prueba.test -->
    </test> <!-- Test -->
  </suite> <!-- Suite -->
</testng-results>
